# JRE version: Java(TM) SE Runtime Environment (17.0.9+11) (build 17.0.9+11-LTS-201)
# Java VM: Java HotSpot(TM) 64-Bit Server VM (17.0.9+11-LTS-201, mixed mode, sharing, tiered, compressed oops, compressed class ptrs, g1 gc, windows-amd64)
GC Precious Log:
 CPUs: 8 total, 8 available
 Memory: 3460M
 Large Page Support: Disabled
 NUMA Support: Disabled
 Compressed Oops: Enabled (32-bit)
 Heap Region Size: 1M
 Heap Min Capacity: 8M
 Heap Initial Capacity: 56M
 Heap Max Capacity: 866M
 Pre-touch: Disabled
 Parallel Workers: 8
 Concurrent Workers: 2
 Concurrent Refinement Workers: 8
 Periodic GC: Disabled
Heap:
 garbage-first heap   total 196608K, used 86365K [0x00000000c9e00000, 0x0000000100000000)
  region size 1024K, 38 young (38912K), 10 survivors (10240K)
 Metaspace       used 64654K, committed 65280K, reserved 1114112K
  class space    used 8734K, committed 9024K, reserved 1048576K
GC Heap History (20 events):
Event: 23.123 GC heap before
{Heap before GC invocations=20 (full 0):
 garbage-first heap   total 55296K, used 45488K [0x00000000c9e00000, 0x0000000100000000)
  region size 1024K, 19 young (19456K), 2 survivors (2048K)
 Metaspace       used 59239K, committed 59840K, reserved 1114112K
  class space    used 8048K, committed 8320K, reserved 1048576K
}
Event: 23.128 GC heap after
{Heap after GC invocations=21 (full 0):
 garbage-first heap   total 55296K, used 28474K [0x00000000c9e00000, 0x0000000100000000)
  region size 1024K, 3 young (3072K), 3 survivors (3072K)
 Metaspace       used 59239K, committed 59840K, reserved 1114112K
  class space    used 8048K, committed 8320K, reserved 1048576K
}
Event: 23.678 GC heap before
{Heap before GC invocations=21 (full 0):
 garbage-first heap   total 55296K, used 44858K [0x00000000c9e00000, 0x0000000100000000)
  region size 1024K, 19 young (19456K), 3 survivors (3072K)
 Metaspace       used 60399K, committed 60928K, reserved 1114112K
  class space    used 8256K, committed 8512K, reserved 1048576K
}
Event: 23.683 GC heap after
{Heap after GC invocations=22 (full 0):
 garbage-first heap   total 55296K, used 29767K [0x00000000c9e00000, 0x0000000100000000)
  region size 1024K, 3 young (3072K), 3 survivors (3072K)
 Metaspace       used 60399K, committed 60928K, reserved 1114112K
  class space    used 8256K, committed 8512K, reserved 1048576K
}
Event: 24.312 GC heap before
{Heap before GC invocations=23 (full 0):
 garbage-first heap   total 55296K, used 45127K [0x00000000c9e00000, 0x0000000100000000)
  region size 1024K, 18 young (18432K), 3 survivors (3072K)
 Metaspace       used 62576K, committed 63168K, reserved 1114112K
  class space    used 8529K, committed 8832K, reserved 1048576K
}
Event: 24.318 GC heap after
{Heap after GC invocations=24 (full 0):
 garbage-first heap   total 55296K, used 31378K [0x00000000c9e00000, 0x0000000100000000)
  region size 1024K, 3 young (3072K), 3 survivors (3072K)
 Metaspace       used 62576K, committed 63168K, reserved 1114112K
  class space    used 8529K, committed 8832K, reserved 1048576K
}
Event: 24.372 GC heap before
{Heap before GC invocations=24 (full 0):
 garbage-first heap   total 55296K, used 32402K [0x00000000c9e00000, 0x0000000100000000)
  region size 1024K, 5 young (5120K), 3 survivors (3072K)
 Metaspace       used 62744K, committed 63360K, reserved 1114112K
  class space    used 8542K, committed 8832K, reserved 1048576K
}
Event: 24.379 GC heap after
{Heap after GC invocations=25 (full 0):
 garbage-first heap   total 55296K, used 31797K [0x00000000c9e00000, 0x0000000100000000)
  region size 1024K, 1 young (1024K), 1 survivors (1024K)
 Metaspace       used 62744K, committed 63360K, reserved 1114112K
  class space    used 8542K, committed 8832K, reserved 1048576K
}
Event: 24.474 GC heap before
{Heap before GC invocations=26 (full 0):
 garbage-first heap   total 73728K, used 45109K [0x00000000c9e00000, 0x0000000100000000)
  region size 1024K, 14 young (14336K), 1 survivors (1024K)
 Metaspace       used 62815K, committed 63424K, reserved 1114112K
  class space    used 8546K, committed 8832K, reserved 1048576K
}
Event: 24.480 GC heap after
{Heap after GC invocations=27 (full 0):
 garbage-first heap   total 73728K, used 35577K [0x00000000c9e00000, 0x0000000100000000)
  region size 1024K, 2 young (2048K), 2 survivors (2048K)
 Metaspace       used 62815K, committed 63424K, reserved 1114112K
  class space    used 8546K, committed 8832K, reserved 1048576K
}
Event: 24.634 GC heap before
{Heap before GC invocations=27 (full 0):
 garbage-first heap   total 73728K, used 56057K [0x00000000c9e00000, 0x0000000100000000)
  region size 1024K, 23 young (23552K), 2 survivors (2048K)
 Metaspace       used 62861K, committed 63424K, reserved 1114112K
  class space    used 8549K, committed 8832K, reserved 1048576K
}
Event: 24.642 GC heap after
{Heap after GC invocations=28 (full 0):
 garbage-first heap   total 73728K, used 39787K [0x00000000c9e00000, 0x0000000100000000)
  region size 1024K, 3 young (3072K), 3 survivors (3072K)
 Metaspace       used 62861K, committed 63424K, reserved 1114112K
  class space    used 8549K, committed 8832K, reserved 1048576K
}
Event: 24.794 GC heap before
{Heap before GC invocations=29 (full 0):
 garbage-first heap   total 76800K, used 46955K [0x00000000c9e00000, 0x0000000100000000)
  region size 1024K, 11 young (11264K), 3 survivors (3072K)
 Metaspace       used 63007K, committed 63616K, reserved 1114112K
  class space    used 8560K, committed 8896K, reserved 1048576K
}
Event: 24.800 GC heap after
{Heap after GC invocations=30 (full 0):
 garbage-first heap   total 76800K, used 42814K [0x00000000c9e00000, 0x0000000100000000)
  region size 1024K, 3 young (3072K), 3 survivors (3072K)
 Metaspace       used 63007K, committed 63616K, reserved 1114112K
  class space    used 8560K, committed 8896K, reserved 1048576K
}
Event: 24.903 GC heap before
{Heap before GC invocations=30 (full 0):
 garbage-first heap   total 92160K, used 57150K [0x00000000c9e00000, 0x0000000100000000)
  region size 1024K, 17 young (17408K), 3 survivors (3072K)
 Metaspace       used 63044K, committed 63680K, reserved 1114112K
  class space    used 8560K, committed 8896K, reserved 1048576K
}
Event: 24.909 GC heap after
{Heap after GC invocations=31 (full 0):
 garbage-first heap   total 92160K, used 45825K [0x00000000c9e00000, 0x0000000100000000)
  region size 1024K, 3 young (3072K), 3 survivors (3072K)
 Metaspace       used 63044K, committed 63680K, reserved 1114112K
  class space    used 8560K, committed 8896K, reserved 1048576K
}
Event: 24.981 GC heap before
{Heap before GC invocations=32 (full 0):
 garbage-first heap   total 92160K, used 66305K [0x00000000c9e00000, 0x0000000100000000)
  region size 1024K, 24 young (24576K), 3 survivors (3072K)
 Metaspace       used 63048K, committed 63680K, reserved 1114112K
  class space    used 8560K, committed 8896K, reserved 1048576K
}
Event: 24.993 GC heap after
{Heap after GC invocations=33 (full 0):
 garbage-first heap   total 196608K, used 51669K [0x00000000c9e00000, 0x0000000100000000)
  region size 1024K, 3 young (3072K), 3 survivors (3072K)
 Metaspace       used 63048K, committed 63680K, reserved 1114112K
  class space    used 8560K, committed 8896K, reserved 1048576K
}
Event: 25.459 GC heap before
{Heap before GC invocations=33 (full 0):
 garbage-first heap   total 196608K, used 126421K [0x00000000c9e00000, 0x0000000100000000)
  region size 1024K, 75 young (76800K), 3 survivors (3072K)
 Metaspace       used 63200K, committed 63808K, reserved 1114112K
  class space    used 8566K, committed 8896K, reserved 1048576K
}
Event: 25.475 GC heap after
{Heap after GC invocations=34 (full 0):
 garbage-first heap   total 196608K, used 59741K [0x00000000c9e00000, 0x0000000100000000)
  region size 1024K, 10 young (10240K), 10 survivors (10240K)
 Metaspace       used 63200K, committed 63808K, reserved 1114112K
  class space    used 8566K, committed 8896K, reserved 1048576K
}

